2021-02-05 18:19:51.661248474000 [302286(ThreadId 17)] ERROR APP - user error (loaded module can not find from path. </home/aliasqli/文档/work/haskell/hstim/app/Main.hs> [])
2021-02-05 18:19:51.698415356000 [302286(ThreadId 17)] ERROR APP - start debugging failed. user error (ExecResult not found.) : Left "user error (ExecResult not found.)"
2021-02-05 18:20:07.741425392000 [302286(ThreadId 20)] CRITICAL THREAD_MGR - Critical exit started.
2021-02-05 18:20:08.682542616000 [302559(ThreadId 17)] ERROR APP - user error (loaded module can not find from path. </home/aliasqli/文档/work/haskell/hstim/app/Main.hs> [])
2021-02-05 18:20:08.705673937000 [302559(ThreadId 17)] ERROR APP - start debugging failed. user error (ExecResult not found.) : Left "user error (ExecResult not found.)"
2021-02-05 18:20:10.689706380000 [302559(ThreadId 17)] ERROR APP - user error (loaded module can not find from path. </home/aliasqli/文档/work/haskell/hstim/app/Main.hs> [])
2021-02-05 18:20:13.459098166000 [302559(ThreadId 20)] CRITICAL THREAD_MGR - Critical exit started.
2021-02-05 18:20:14.846648695000 [302728(ThreadId 17)] ERROR APP - start debugging failed. user error (ExecResult not found.) : Left "user error (ExecResult not found.)"
2021-02-05 18:20:45.701688391000 [302728(ThreadId 20)] CRITICAL THREAD_MGR - Critical exit started.
2021-02-05 18:20:49.270232167000 [303040(ThreadId 17)] ERROR APP - start debugging failed. user error (ExecResult not found.) : Left "user error (ExecResult not found.)"
2021-02-05 18:21:06.611887170000 [303040(ThreadId 20)] CRITICAL THREAD_MGR - Critical exit started.
2021-02-05 18:21:16.090235433000 [303309(ThreadId 17)] ERROR APP - user error (no stacktrace found.)
2021-02-05 18:21:19.732722664000 [303309(ThreadId 17)] ERROR APP - user error (ExecResult not found.)
2021-02-05 18:21:21.130783874000 [303309(ThreadId 17)] ERROR APP - user error (ExecResult not found.)
2021-02-05 18:21:21.889660148000 [303309(ThreadId 17)] ERROR APP - user error (ExecResult not found.)
2021-02-05 18:21:22.488286735000 [303309(ThreadId 17)] ERROR APP - user error (ExecResult not found.)
2021-02-05 18:21:23.049322932000 [303309(ThreadId 17)] ERROR APP - user error (ExecResult not found.)
2021-02-05 18:21:23.464759761000 [303309(ThreadId 17)] ERROR APP - user error (ExecResult not found.)
2021-02-05 18:21:23.831165703000 [303309(ThreadId 17)] ERROR APP - user error (ExecResult not found.)
2021-02-05 18:21:24.116197284000 [303309(ThreadId 17)] ERROR APP - user error (ExecResult not found.)
2021-02-05 18:21:24.483826911000 [303309(ThreadId 17)] ERROR APP - user error (ExecResult not found.)
2021-02-05 18:21:24.889820715000 [303309(ThreadId 17)] ERROR APP - user error (ExecResult not found.)
2021-02-05 18:21:25.266851284000 [303309(ThreadId 17)] ERROR APP - user error (ExecResult not found.)
2021-02-05 18:21:25.490128134000 [303309(ThreadId 17)] ERROR APP - user error (ExecResult not found.)
2021-02-05 18:21:25.920395357000 [303309(ThreadId 17)] ERROR APP - user error (ExecResult not found.)
2021-02-05 18:21:26.153564808000 [303309(ThreadId 17)] ERROR APP - user error (ExecResult not found.)
2021-02-05 18:21:30.120736609000 [303309(ThreadId 17)] ERROR APP - user error (ExecResult not found.)
2021-02-05 18:21:31.607588474000 [303309(ThreadId 17)] ERROR APP - user error (ExecResult not found.)
2021-02-05 18:21:33.338512276000 [303309(ThreadId 17)] ERROR APP - user error (ExecResult not found.)
2021-02-05 18:21:33.791605110000 [303309(ThreadId 17)] ERROR APP - user error (ExecResult not found.)
2021-02-05 18:21:34.289021135000 [303309(ThreadId 17)] ERROR APP - user error (ExecResult not found.)
2021-02-05 18:21:34.664762242000 [303309(ThreadId 17)] ERROR APP - user error (ExecResult not found.)
2021-02-05 18:21:34.850595186000 [303309(ThreadId 17)] ERROR APP - user error (ExecResult not found.)
2021-02-05 18:21:35.064426148000 [303309(ThreadId 17)] ERROR APP - user error (ExecResult not found.)
2021-02-05 18:21:35.250005786000 [303309(ThreadId 17)] ERROR APP - user error (ExecResult not found.)
2021-02-05 18:21:35.441523199000 [303309(ThreadId 17)] ERROR APP - user error (ExecResult not found.)
2021-02-05 18:21:35.613528386000 [303309(ThreadId 17)] ERROR APP - user error (ExecResult not found.)
2021-02-05 18:21:35.797655315000 [303309(ThreadId 17)] ERROR APP - user error (ExecResult not found.)
2021-02-05 18:21:35.969422821000 [303309(ThreadId 17)] ERROR APP - user error (ExecResult not found.)
2021-02-05 18:21:36.169056058000 [303309(ThreadId 17)] ERROR APP - user error (ExecResult not found.)
2021-02-05 18:21:36.335000687000 [303309(ThreadId 17)] ERROR APP - user error (ExecResult not found.)
2021-02-05 18:21:36.508250517000 [303309(ThreadId 17)] ERROR APP - user error (ExecResult not found.)
2021-02-05 18:21:36.677214309000 [303309(ThreadId 17)] ERROR APP - user error (ExecResult not found.)
2021-02-05 18:21:36.866542249000 [303309(ThreadId 17)] ERROR APP - user error (ExecResult not found.)
2021-02-05 18:21:37.028150999000 [303309(ThreadId 17)] ERROR APP - user error (ExecResult not found.)
2021-02-05 18:21:37.218746915000 [303309(ThreadId 17)] ERROR APP - user error (ExecResult not found.)
2021-02-05 18:21:37.388729057000 [303309(ThreadId 17)] ERROR APP - user error (ExecResult not found.)
2021-02-05 18:21:37.562177065000 [303309(ThreadId 17)] ERROR APP - user error (ExecResult not found.)
2021-02-05 18:21:52.045268366000 [303309(ThreadId 17)] ERROR APP - user error (ExecResult not found.)
2021-02-05 18:21:52.634357618000 [303309(ThreadId 17)] ERROR APP - user error (ExecResult not found.)
2021-02-05 18:21:53.148250749000 [303309(ThreadId 17)] ERROR APP - user error (ExecResult not found.)
2021-02-05 18:21:53.380280244000 [303309(ThreadId 17)] ERROR APP - user error (ExecResult not found.)
2021-02-05 18:21:53.628642770000 [303309(ThreadId 17)] ERROR APP - user error (ExecResult not found.)
2021-02-05 18:21:53.830615622000 [303309(ThreadId 17)] ERROR APP - user error (ExecResult not found.)
2021-02-05 18:21:54.031232939000 [303309(ThreadId 17)] ERROR APP - user error (ExecResult not found.)
2021-02-05 18:21:54.212562081000 [303309(ThreadId 17)] ERROR APP - user error (ExecResult not found.)
2021-02-05 18:21:54.383898489000 [303309(ThreadId 17)] ERROR APP - user error (ExecResult not found.)
2021-02-05 18:21:54.766553441000 [303309(ThreadId 17)] ERROR APP - user error (ExecResult not found.)
2021-02-05 18:21:57.746292865000 [303309(ThreadId 20)] CRITICAL THREAD_MGR - Critical exit started.
2021-02-05 18:21:59.778263090000 [303773(ThreadId 17)] ERROR APP - start debugging failed. user error (ExecResult not found.) : Left "user error (ExecResult not found.)"
2021-02-05 18:22:11.543305879000 [303773(ThreadId 20)] CRITICAL THREAD_MGR - Critical exit started.
2021-02-05 18:22:13.877765400000 [303981(ThreadId 17)] ERROR APP - start debugging failed. user error (ExecResult not found.) : Left "user error (ExecResult not found.)"
2021-02-05 18:22:27.157849750000 [303981(ThreadId 20)] CRITICAL THREAD_MGR - Critical exit started.
2021-02-05 18:23:34.093789908000 [304645(ThreadId 17)] ERROR APP - start debugging failed. user error (ExecResult not found.) : Left "user error (ExecResult not found.)"
2021-02-05 18:24:00.803295250000 [304645(ThreadId 20)] CRITICAL THREAD_MGR - Critical exit started.
2021-02-09 15:15:03.523741107000 [36380(ThreadId 20)] CRITICAL THREAD_MGR - Critical exit started.
2021-02-09 15:15:13.709179294000 [36587(ThreadId 17)] ERROR APP - start debugging failed. user error (ExecResult not found.) : Left "user error (ExecResult not found.)"
2021-02-09 15:15:38.239219151000 [36587(ThreadId 20)] CRITICAL THREAD_MGR - Critical exit started.
